[2018-11-14 16:08:37.861] [jointLog] [info] Fragment incompatibility prior below threshold.  Incompatible fragments will be ignored.
[2018-11-14 16:08:37.861] [jointLog] [info] parsing read library format
[2018-11-14 16:08:37.861] [jointLog] [info] There is 1 library.
[2018-11-14 16:08:37.947] [jointLog] [info] Loading Quasi index
[2018-11-14 16:08:37.947] [jointLog] [info] Loading 32-bit quasi index
[2018-11-14 16:08:46.413] [jointLog] [info] done
[2018-11-14 16:08:46.413] [jointLog] [info] Index contained 205,870 targets
[2018-11-14 16:08:46.796] [jointLog] [info] Automatically detected most likely library type as U
[2018-11-14 16:09:21.447] [jointLog] [info] Computed 315,715 rich equivalence classes for further processing
[2018-11-14 16:09:21.447] [jointLog] [info] Counted 25,603,990 total reads in the equivalence classes 
[2018-11-14 16:09:21.455] [jointLog] [info] Mapping rate = 90.9869%

[2018-11-14 16:09:21.455] [jointLog] [info] finished quantifyLibrary()
[2018-11-14 16:09:21.455] [jointLog] [info] Starting optimizer
[2018-11-14 16:09:21.447] [fileLog] [info] 
At end of round 0
==================
Observed 28140319 total fragments (28140319 in most recent round)

[2018-11-14 16:09:21.585] [jointLog] [info] Marked 0 weighted equivalence classes as degenerate
[2018-11-14 16:09:21.599] [jointLog] [info] iteration = 0 | max rel diff. = 5270.53
[2018-11-14 16:09:23.092] [jointLog] [info] iteration = 100 | max rel diff. = 16.9899
[2018-11-14 16:09:24.596] [jointLog] [info] iteration = 200 | max rel diff. = 14.1714
[2018-11-14 16:09:26.102] [jointLog] [info] iteration = 300 | max rel diff. = 4.0201
[2018-11-14 16:09:27.610] [jointLog] [info] iteration = 400 | max rel diff. = 3.22116
[2018-11-14 16:09:29.110] [jointLog] [info] iteration = 500 | max rel diff. = 0.380711
[2018-11-14 16:09:30.619] [jointLog] [info] iteration = 600 | max rel diff. = 17.3861
[2018-11-14 16:09:32.113] [jointLog] [info] iteration = 700 | max rel diff. = 1.35197
[2018-11-14 16:09:33.638] [jointLog] [info] iteration = 800 | max rel diff. = 5.14348
[2018-11-14 16:09:35.131] [jointLog] [info] iteration = 900 | max rel diff. = 0.224397
[2018-11-14 16:09:36.645] [jointLog] [info] iteration = 1,000 | max rel diff. = 0.519897
[2018-11-14 16:09:38.152] [jointLog] [info] iteration = 1,100 | max rel diff. = 0.0889802
[2018-11-14 16:09:39.660] [jointLog] [info] iteration = 1,200 | max rel diff. = 0.83309
[2018-11-14 16:09:41.156] [jointLog] [info] iteration = 1,300 | max rel diff. = 1.85639
[2018-11-14 16:09:42.671] [jointLog] [info] iteration = 1,400 | max rel diff. = 0.0812514
[2018-11-14 16:09:44.197] [jointLog] [info] iteration = 1,500 | max rel diff. = 0.270123
[2018-11-14 16:09:45.697] [jointLog] [info] iteration = 1,600 | max rel diff. = 0.177454
[2018-11-14 16:09:47.228] [jointLog] [info] iteration = 1,700 | max rel diff. = 0.0684097
[2018-11-14 16:09:48.721] [jointLog] [info] iteration = 1,800 | max rel diff. = 2.57918
[2018-11-14 16:09:50.258] [jointLog] [info] iteration = 1,900 | max rel diff. = 0.162884
[2018-11-14 16:09:51.756] [jointLog] [info] iteration = 2,000 | max rel diff. = 0.1093
[2018-11-14 16:09:53.276] [jointLog] [info] iteration = 2,100 | max rel diff. = 0.014564
[2018-11-14 16:09:54.791] [jointLog] [info] iteration = 2,200 | max rel diff. = 0.0850585
[2018-11-14 16:09:56.321] [jointLog] [info] iteration = 2,300 | max rel diff. = 0.364556
[2018-11-14 16:09:57.815] [jointLog] [info] iteration = 2,400 | max rel diff. = 0.182416
[2018-11-14 16:09:58.668] [jointLog] [info] iteration = 2,458 | max rel diff. = 0.00354054
[2018-11-14 16:09:58.683] [jointLog] [info] Finished optimizer
[2018-11-14 16:09:58.683] [jointLog] [info] writing output 

[2018-11-14 16:09:59.077] [jointLog] [warning] NOTE: Read Lib [[ sequencingData/CL100021371_L01_37.fq.gz ]] :

Detected a *potential* strand bias > 1% in an unstranded protocol check the file: salmonOutput/WT_D6_6/lib_format_counts.json for details

