[2018-06-02 13:58:07.248] [jointLog] [info] parsing read library format
[2018-06-02 13:58:07.248] [jointLog] [info] There is 1 library.
[2018-06-02 13:58:07.298] [jointLog] [info] Loading Quasi index
[2018-06-02 13:58:07.299] [jointLog] [info] Loading 32-bit quasi index
[2018-06-02 13:58:32.698] [jointLog] [info] done
[2018-06-02 13:58:32.698] [jointLog] [info] Index contained 203027 targets
[2018-06-02 13:58:33.013] [jointLog] [info] Automatically detected most likely library type as U
[2018-06-02 13:59:59.094] [jointLog] [info] Computed 346958 rich equivalence classes for further processing
[2018-06-02 13:59:59.094] [jointLog] [info] Counted 41597393 total reads in the equivalence classes 
[2018-06-02 13:59:59.146] [jointLog] [info] Mapping rate = 90.2282%

[2018-06-02 13:59:59.146] [jointLog] [info] finished quantifyLibrary()
[2018-06-02 13:59:59.149] [jointLog] [info] Starting optimizer
[2018-06-02 13:59:59.094] [fileLog] [info] 
At end of round 0
==================
Observed 46102424 total fragments (46102424 in most recent round)

[2018-06-02 13:59:59.366] [jointLog] [info] Marked 0 weighted equivalence classes as degenerate
[2018-06-02 13:59:59.379] [jointLog] [info] iteration = 0 | max rel diff. = 58.8008
[2018-06-02 14:00:00.638] [jointLog] [info] iteration = 100 | max rel diff. = 0.123453
[2018-06-02 14:00:01.895] [jointLog] [info] iteration = 200 | max rel diff. = 0.106965
[2018-06-02 14:00:03.153] [jointLog] [info] iteration = 300 | max rel diff. = 0.0653842
[2018-06-02 14:00:04.410] [jointLog] [info] iteration = 400 | max rel diff. = 0.0314686
[2018-06-02 14:00:05.676] [jointLog] [info] iteration = 500 | max rel diff. = 0.0261801
[2018-06-02 14:00:06.933] [jointLog] [info] iteration = 600 | max rel diff. = 0.0562919
[2018-06-02 14:00:08.199] [jointLog] [info] iteration = 700 | max rel diff. = 0.0185214
[2018-06-02 14:00:09.490] [jointLog] [info] iteration = 800 | max rel diff. = 0.0154236
[2018-06-02 14:00:10.774] [jointLog] [info] iteration = 900 | max rel diff. = 0.0182939
[2018-06-02 14:00:12.073] [jointLog] [info] iteration = 1000 | max rel diff. = 0.0124322
[2018-06-02 14:00:13.346] [jointLog] [info] iteration = 1100 | max rel diff. = 0.011065
[2018-06-02 14:00:14.627] [jointLog] [info] iteration = 1200 | max rel diff. = 0.0103616
[2018-06-02 14:00:14.930] [jointLog] [info] iteration = 1225 | max rel diff. = 0.00954793
[2018-06-02 14:00:14.950] [jointLog] [info] Finished optimizer
[2018-06-02 14:00:14.950] [jointLog] [info] writing output 

[2018-06-02 14:00:15.312] [jointLog] [warning] NOTE: Read Lib [/home/jtobias/jp201805/fastq/CL100021371_L01_29.fq.gz] :

Detected a *potential* strand bias > 1% in an unstranded protocol check the file: /home/jtobias/jp201805/salmon/TrpM_D9_4/lib_format_counts.json for details

