[2019-03-18 18:04:09.905] [jointLog] [info] Fragment incompatibility prior below threshold.  Incompatible fragments will be ignored.
[2019-03-18 18:04:09.905] [jointLog] [info] parsing read library format
[2019-03-18 18:04:09.905] [jointLog] [info] There is 1 library.
[2019-03-18 18:04:09.978] [jointLog] [info] Loading Quasi index
[2019-03-18 18:04:09.978] [jointLog] [info] Loading 32-bit quasi index
[2019-03-18 18:04:17.469] [jointLog] [info] done
[2019-03-18 18:04:17.469] [jointLog] [info] Index contained 205,870 targets
[2019-03-18 18:04:17.930] [jointLog] [info] Automatically detected most likely library type as ISR
[2019-03-18 18:05:55.881] [jointLog] [info] Thread saw mini-batch with a maximum of 3.10% zero probability fragments
[2019-03-18 18:05:55.890] [jointLog] [info] Thread saw mini-batch with a maximum of 3.12% zero probability fragments
[2019-03-18 18:05:55.899] [jointLog] [info] Thread saw mini-batch with a maximum of 3.00% zero probability fragments
[2019-03-18 18:05:55.907] [jointLog] [info] Thread saw mini-batch with a maximum of 2.98% zero probability fragments
[2019-03-18 18:05:55.919] [jointLog] [info] Thread saw mini-batch with a maximum of 3.14% zero probability fragments
[2019-03-18 18:05:55.927] [jointLog] [info] Thread saw mini-batch with a maximum of 3.06% zero probability fragments
[2019-03-18 18:05:55.927] [jointLog] [info] Thread saw mini-batch with a maximum of 3.14% zero probability fragments
[2019-03-18 18:05:55.936] [jointLog] [info] Thread saw mini-batch with a maximum of 3.02% zero probability fragments
[2019-03-18 18:05:56.260] [jointLog] [info] Computed 451,084 rich equivalence classes for further processing
[2019-03-18 18:05:56.260] [jointLog] [info] Counted 28,299,950 total reads in the equivalence classes 
[2019-03-18 18:05:56.269] [jointLog] [warning] 0.00185407% of fragments were shorter than the k used to build the index (31).
If this fraction is too large, consider re-building the index with a smaller k.
The minimum read size found was 29.


[2019-03-18 18:05:56.269] [jointLog] [info] Mapping rate = 53.6504%

[2019-03-18 18:05:56.269] [jointLog] [info] finished quantifyLibrary()
[2019-03-18 18:05:56.269] [jointLog] [info] Starting optimizer
[2019-03-18 18:05:56.418] [jointLog] [info] Marked 0 weighted equivalence classes as degenerate
[2019-03-18 18:05:56.436] [jointLog] [info] iteration = 0 | max rel diff. = 5990.88
[2019-03-18 18:05:56.261] [fileLog] [info] 
At end of round 0
==================
Observed 52748809 total fragments (52748809 in most recent round)

[2019-03-18 18:05:58.392] [jointLog] [info] iteration = 100 | max rel diff. = 20.3004
[2019-03-18 18:06:00.335] [jointLog] [info] iteration = 200 | max rel diff. = 16.7261
[2019-03-18 18:06:02.275] [jointLog] [info] iteration = 300 | max rel diff. = 0.512912
[2019-03-18 18:06:04.209] [jointLog] [info] iteration = 400 | max rel diff. = 7.79863
[2019-03-18 18:06:06.139] [jointLog] [info] iteration = 500 | max rel diff. = 0.326305
[2019-03-18 18:06:08.081] [jointLog] [info] iteration = 600 | max rel diff. = 4.77545
[2019-03-18 18:06:10.006] [jointLog] [info] iteration = 700 | max rel diff. = 0.470309
[2019-03-18 18:06:11.921] [jointLog] [info] iteration = 800 | max rel diff. = 0.306271
[2019-03-18 18:06:13.847] [jointLog] [info] iteration = 900 | max rel diff. = 0.322212
[2019-03-18 18:06:15.770] [jointLog] [info] iteration = 1,000 | max rel diff. = 0.838063
[2019-03-18 18:06:17.707] [jointLog] [info] iteration = 1,100 | max rel diff. = 0.636468
[2019-03-18 18:06:19.625] [jointLog] [info] iteration = 1,200 | max rel diff. = 1.43748
[2019-03-18 18:06:21.538] [jointLog] [info] iteration = 1,300 | max rel diff. = 1.21204
[2019-03-18 18:06:23.464] [jointLog] [info] iteration = 1,400 | max rel diff. = 0.0509204
[2019-03-18 18:06:25.388] [jointLog] [info] iteration = 1,500 | max rel diff. = 1.00074
[2019-03-18 18:06:27.308] [jointLog] [info] iteration = 1,600 | max rel diff. = 0.0477676
[2019-03-18 18:06:28.057] [jointLog] [info] iteration = 1,640 | max rel diff. = 0.00378313
[2019-03-18 18:06:28.072] [jointLog] [info] Finished optimizer
[2019-03-18 18:06:28.072] [jointLog] [info] writing output 

