[2018-06-02 13:58:06.915] [jointLog] [info] parsing read library format
[2018-06-02 13:58:06.915] [jointLog] [info] There is 1 library.
[2018-06-02 13:58:06.964] [jointLog] [info] Loading Quasi index
[2018-06-02 13:58:06.966] [jointLog] [info] Loading 32-bit quasi index
[2018-06-02 13:58:30.371] [jointLog] [info] done
[2018-06-02 13:58:30.371] [jointLog] [info] Index contained 203027 targets
[2018-06-02 13:58:30.677] [jointLog] [info] Automatically detected most likely library type as U
[2018-06-02 14:00:16.678] [fileLog] [info] 
At end of round 0
==================
Observed 56647699 total fragments (56647699 in most recent round)

[2018-06-02 14:00:16.678] [jointLog] [info] Computed 352031 rich equivalence classes for further processing
[2018-06-02 14:00:16.678] [jointLog] [info] Counted 51941255 total reads in the equivalence classes 
[2018-06-02 14:00:16.729] [jointLog] [info] Mapping rate = 91.6917%

[2018-06-02 14:00:16.729] [jointLog] [info] finished quantifyLibrary()
[2018-06-02 14:00:16.732] [jointLog] [info] Starting optimizer
[2018-06-02 14:00:16.898] [jointLog] [info] Marked 0 weighted equivalence classes as degenerate
[2018-06-02 14:00:16.913] [jointLog] [info] iteration = 0 | max rel diff. = 54.0968
[2018-06-02 14:00:18.235] [jointLog] [info] iteration = 100 | max rel diff. = 0.125762
[2018-06-02 14:00:19.552] [jointLog] [info] iteration = 200 | max rel diff. = 0.0805007
[2018-06-02 14:00:20.870] [jointLog] [info] iteration = 300 | max rel diff. = 0.0729345
[2018-06-02 14:00:22.184] [jointLog] [info] iteration = 400 | max rel diff. = 0.029791
[2018-06-02 14:00:23.496] [jointLog] [info] iteration = 500 | max rel diff. = 0.0295616
[2018-06-02 14:00:24.810] [jointLog] [info] iteration = 600 | max rel diff. = 0.0198072
[2018-06-02 14:00:26.137] [jointLog] [info] iteration = 700 | max rel diff. = 0.016864
[2018-06-02 14:00:27.454] [jointLog] [info] iteration = 800 | max rel diff. = 0.0144976
[2018-06-02 14:00:28.780] [jointLog] [info] iteration = 900 | max rel diff. = 0.0141009
[2018-06-02 14:00:30.110] [jointLog] [info] iteration = 1000 | max rel diff. = 0.0137101
[2018-06-02 14:00:31.433] [jointLog] [info] iteration = 1100 | max rel diff. = 0.011224
[2018-06-02 14:00:32.767] [jointLog] [info] iteration = 1200 | max rel diff. = 0.0133284
[2018-06-02 14:00:34.013] [jointLog] [info] iteration = 1294 | max rel diff. = 0.00997026
[2018-06-02 14:00:34.033] [jointLog] [info] Finished optimizer
[2018-06-02 14:00:34.033] [jointLog] [info] writing output 

[2018-06-02 14:00:34.383] [jointLog] [warning] NOTE: Read Lib [/home/jtobias/jp201805/fastq/CL100021371_L01_38.fq.gz] :

Detected a *potential* strand bias > 1% in an unstranded protocol check the file: /home/jtobias/jp201805/salmon/KD_D6_6/lib_format_counts.json for details

