[2018-11-14 16:04:51.901] [jointLog] [info] Fragment incompatibility prior below threshold.  Incompatible fragments will be ignored.
[2018-11-14 16:04:51.901] [jointLog] [info] parsing read library format
[2018-11-14 16:04:51.901] [jointLog] [info] There is 1 library.
[2018-11-14 16:04:51.979] [jointLog] [info] Loading Quasi index
[2018-11-14 16:04:51.979] [jointLog] [info] Loading 32-bit quasi index
[2018-11-14 16:05:00.545] [jointLog] [info] done
[2018-11-14 16:05:00.545] [jointLog] [info] Index contained 205,870 targets
[2018-11-14 16:05:00.947] [jointLog] [info] Automatically detected most likely library type as U
[2018-11-14 16:06:10.052] [jointLog] [info] Computed 360,839 rich equivalence classes for further processing
[2018-11-14 16:06:10.052] [jointLog] [info] Counted 51,628,660 total reads in the equivalence classes 
[2018-11-14 16:06:10.062] [jointLog] [info] Mapping rate = 90.6352%

[2018-11-14 16:06:10.062] [jointLog] [info] finished quantifyLibrary()
[2018-11-14 16:06:10.062] [jointLog] [info] Starting optimizer
[2018-11-14 16:06:10.052] [fileLog] [info] 
At end of round 0
==================
Observed 56963130 total fragments (56963130 in most recent round)

[2018-11-14 16:06:10.200] [jointLog] [info] Marked 0 weighted equivalence classes as degenerate
[2018-11-14 16:06:10.218] [jointLog] [info] iteration = 0 | max rel diff. = 5126.92
[2018-11-14 16:06:11.930] [jointLog] [info] iteration = 100 | max rel diff. = 17.7205
[2018-11-14 16:06:13.622] [jointLog] [info] iteration = 200 | max rel diff. = 10.7247
[2018-11-14 16:06:15.337] [jointLog] [info] iteration = 300 | max rel diff. = 6.22956
[2018-11-14 16:06:17.055] [jointLog] [info] iteration = 400 | max rel diff. = 10.7944
[2018-11-14 16:06:18.747] [jointLog] [info] iteration = 500 | max rel diff. = 1.18887
[2018-11-14 16:06:20.484] [jointLog] [info] iteration = 600 | max rel diff. = 4.97606
[2018-11-14 16:06:22.184] [jointLog] [info] iteration = 700 | max rel diff. = 2.11162
[2018-11-14 16:06:23.887] [jointLog] [info] iteration = 800 | max rel diff. = 0.307932
[2018-11-14 16:06:25.625] [jointLog] [info] iteration = 900 | max rel diff. = 1.11669
[2018-11-14 16:06:27.320] [jointLog] [info] iteration = 1,000 | max rel diff. = 0.218925
[2018-11-14 16:06:29.025] [jointLog] [info] iteration = 1,100 | max rel diff. = 0.495744
[2018-11-14 16:06:30.730] [jointLog] [info] iteration = 1,200 | max rel diff. = 0.298197
[2018-11-14 16:06:32.432] [jointLog] [info] iteration = 1,300 | max rel diff. = 9.34089
[2018-11-14 16:06:34.139] [jointLog] [info] iteration = 1,400 | max rel diff. = 0.14425
[2018-11-14 16:06:35.848] [jointLog] [info] iteration = 1,500 | max rel diff. = 0.472196
[2018-11-14 16:06:37.545] [jointLog] [info] iteration = 1,600 | max rel diff. = 0.747563
[2018-11-14 16:06:39.248] [jointLog] [info] iteration = 1,700 | max rel diff. = 0.0981204
[2018-11-14 16:06:40.946] [jointLog] [info] iteration = 1,800 | max rel diff. = 0.0429116
[2018-11-14 16:06:42.644] [jointLog] [info] iteration = 1,900 | max rel diff. = 0.0740215
[2018-11-14 16:06:44.351] [jointLog] [info] iteration = 2,000 | max rel diff. = 0.245228
[2018-11-14 16:06:46.057] [jointLog] [info] iteration = 2,100 | max rel diff. = 0.0223117
[2018-11-14 16:06:47.793] [jointLog] [info] iteration = 2,200 | max rel diff. = 0.0196678
[2018-11-14 16:06:49.501] [jointLog] [info] iteration = 2,300 | max rel diff. = 0.0763447
[2018-11-14 16:06:51.207] [jointLog] [info] iteration = 2,400 | max rel diff. = 0.0394754
[2018-11-14 16:06:52.381] [jointLog] [info] iteration = 2,470 | max rel diff. = 0.00876992
[2018-11-14 16:06:52.396] [jointLog] [info] Finished optimizer
[2018-11-14 16:06:52.396] [jointLog] [info] writing output 

