[2018-11-14 15:47:52.249] [jointLog] [info] Fragment incompatibility prior below threshold.  Incompatible fragments will be ignored.
[2018-11-14 15:47:52.249] [jointLog] [info] parsing read library format
[2018-11-14 15:47:52.249] [jointLog] [info] There is 1 library.
[2018-11-14 15:47:52.335] [jointLog] [info] Loading Quasi index
[2018-11-14 15:47:52.335] [jointLog] [info] Loading 32-bit quasi index
[2018-11-14 15:48:00.777] [jointLog] [info] done
[2018-11-14 15:48:00.777] [jointLog] [info] Index contained 205,870 targets
[2018-11-14 15:48:01.172] [jointLog] [info] Automatically detected most likely library type as U
[2018-11-14 15:49:02.645] [jointLog] [info] Computed 356,252 rich equivalence classes for further processing
[2018-11-14 15:49:02.645] [jointLog] [info] Counted 44,184,041 total reads in the equivalence classes 
[2018-11-14 15:49:02.654] [jointLog] [info] Mapping rate = 90.4232%

[2018-11-14 15:49:02.654] [jointLog] [info] finished quantifyLibrary()
[2018-11-14 15:49:02.654] [jointLog] [info] Starting optimizer
[2018-11-14 15:49:02.789] [jointLog] [info] Marked 0 weighted equivalence classes as degenerate
[2018-11-14 15:49:02.806] [jointLog] [info] iteration = 0 | max rel diff. = 6019.73
[2018-11-14 15:49:02.645] [fileLog] [info] 
At end of round 0
==================
Observed 48863586 total fragments (48863586 in most recent round)

[2018-11-14 15:49:04.514] [jointLog] [info] iteration = 100 | max rel diff. = 13.9352
[2018-11-14 15:49:06.289] [jointLog] [info] iteration = 200 | max rel diff. = 15.1758
[2018-11-14 15:49:07.975] [jointLog] [info] iteration = 300 | max rel diff. = 7.09287
[2018-11-14 15:49:09.683] [jointLog] [info] iteration = 400 | max rel diff. = 10.7899
[2018-11-14 15:49:11.511] [jointLog] [info] iteration = 500 | max rel diff. = 4.70902
[2018-11-14 15:49:13.399] [jointLog] [info] iteration = 600 | max rel diff. = 8.57545
[2018-11-14 15:49:15.160] [jointLog] [info] iteration = 700 | max rel diff. = 1.44726
[2018-11-14 15:49:16.955] [jointLog] [info] iteration = 800 | max rel diff. = 0.104498
[2018-11-14 15:49:18.862] [jointLog] [info] iteration = 900 | max rel diff. = 0.368745
[2018-11-14 15:49:20.808] [jointLog] [info] iteration = 1,000 | max rel diff. = 0.0804526
[2018-11-14 15:49:22.660] [jointLog] [info] iteration = 1,100 | max rel diff. = 2.91155
[2018-11-14 15:49:24.620] [jointLog] [info] iteration = 1,200 | max rel diff. = 0.039484
[2018-11-14 15:49:26.536] [jointLog] [info] iteration = 1,300 | max rel diff. = 0.851599
[2018-11-14 15:49:28.388] [jointLog] [info] iteration = 1,400 | max rel diff. = 0.033219
[2018-11-14 15:49:30.176] [jointLog] [info] iteration = 1,500 | max rel diff. = 2.14739
[2018-11-14 15:49:31.984] [jointLog] [info] iteration = 1,600 | max rel diff. = 0.512794
[2018-11-14 15:49:33.950] [jointLog] [info] iteration = 1,700 | max rel diff. = 0.225316
[2018-11-14 15:49:35.686] [jointLog] [info] iteration = 1,800 | max rel diff. = 0.0676387
[2018-11-14 15:49:37.354] [jointLog] [info] iteration = 1,900 | max rel diff. = 0.0132961
[2018-11-14 15:49:39.035] [jointLog] [info] iteration = 2,000 | max rel diff. = 0.19797
[2018-11-14 15:49:40.309] [jointLog] [info] iteration = 2,077 | max rel diff. = 0.00406817
[2018-11-14 15:49:40.323] [jointLog] [info] Finished optimizer
[2018-11-14 15:49:40.323] [jointLog] [info] writing output 

