[2018-11-14 15:51:36.206] [jointLog] [info] Fragment incompatibility prior below threshold.  Incompatible fragments will be ignored.
[2018-11-14 15:51:36.206] [jointLog] [info] parsing read library format
[2018-11-14 15:51:36.206] [jointLog] [info] There is 1 library.
[2018-11-14 15:51:36.298] [jointLog] [info] Loading Quasi index
[2018-11-14 15:51:36.298] [jointLog] [info] Loading 32-bit quasi index
[2018-11-14 15:51:44.757] [jointLog] [info] done
[2018-11-14 15:51:44.757] [jointLog] [info] Index contained 205,870 targets
[2018-11-14 15:51:45.154] [jointLog] [info] Automatically detected most likely library type as U
[2018-11-14 15:52:54.634] [jointLog] [info] Computed 365,812 rich equivalence classes for further processing
[2018-11-14 15:52:54.634] [jointLog] [info] Counted 53,646,718 total reads in the equivalence classes 
[2018-11-14 15:52:54.643] [jointLog] [info] Mapping rate = 91.4159%

[2018-11-14 15:52:54.643] [jointLog] [info] finished quantifyLibrary()
[2018-11-14 15:52:54.644] [jointLog] [info] Starting optimizer
[2018-11-14 15:52:54.789] [jointLog] [info] Marked 0 weighted equivalence classes as degenerate
[2018-11-14 15:52:54.805] [jointLog] [info] iteration = 0 | max rel diff. = 5492.35
[2018-11-14 15:52:54.635] [fileLog] [info] 
At end of round 0
==================
Observed 58684243 total fragments (58684243 in most recent round)

[2018-11-14 15:52:56.518] [jointLog] [info] iteration = 100 | max rel diff. = 18.0466
[2018-11-14 15:52:58.237] [jointLog] [info] iteration = 200 | max rel diff. = 12.4614
[2018-11-14 15:52:59.943] [jointLog] [info] iteration = 300 | max rel diff. = 11.2175
[2018-11-14 15:53:01.651] [jointLog] [info] iteration = 400 | max rel diff. = 5.12313
[2018-11-14 15:53:03.360] [jointLog] [info] iteration = 500 | max rel diff. = 16.3536
[2018-11-14 15:53:05.057] [jointLog] [info] iteration = 600 | max rel diff. = 1.34707
[2018-11-14 15:53:06.784] [jointLog] [info] iteration = 700 | max rel diff. = 0.517559
[2018-11-14 15:53:08.477] [jointLog] [info] iteration = 800 | max rel diff. = 0.423733
[2018-11-14 15:53:10.193] [jointLog] [info] iteration = 900 | max rel diff. = 0.203696
[2018-11-14 15:53:11.913] [jointLog] [info] iteration = 1,000 | max rel diff. = 5.34368
[2018-11-14 15:53:13.634] [jointLog] [info] iteration = 1,100 | max rel diff. = 4.34653
[2018-11-14 15:53:15.361] [jointLog] [info] iteration = 1,200 | max rel diff. = 0.222164
[2018-11-14 15:53:17.089] [jointLog] [info] iteration = 1,300 | max rel diff. = 1.53866
[2018-11-14 15:53:18.802] [jointLog] [info] iteration = 1,400 | max rel diff. = 0.0512317
[2018-11-14 15:53:20.518] [jointLog] [info] iteration = 1,500 | max rel diff. = 0.896702
[2018-11-14 15:53:22.228] [jointLog] [info] iteration = 1,600 | max rel diff. = 0.049308
[2018-11-14 15:53:23.930] [jointLog] [info] iteration = 1,700 | max rel diff. = 0.0249162
[2018-11-14 15:53:25.622] [jointLog] [info] iteration = 1,800 | max rel diff. = 0.0289165
[2018-11-14 15:53:27.352] [jointLog] [info] iteration = 1,900 | max rel diff. = 0.0459183
[2018-11-14 15:53:28.429] [jointLog] [info] iteration = 1,964 | max rel diff. = 0.0051022
[2018-11-14 15:53:28.445] [jointLog] [info] Finished optimizer
[2018-11-14 15:53:28.445] [jointLog] [info] writing output 

