[2018-06-02 13:58:07.075] [jointLog] [info] parsing read library format
[2018-06-02 13:58:07.076] [jointLog] [info] There is 1 library.
[2018-06-02 13:58:07.135] [jointLog] [info] Loading Quasi index
[2018-06-02 13:58:07.137] [jointLog] [info] Loading 32-bit quasi index
[2018-06-02 13:58:32.686] [jointLog] [info] done
[2018-06-02 13:58:32.686] [jointLog] [info] Index contained 203027 targets
[2018-06-02 13:58:33.001] [jointLog] [info] Automatically detected most likely library type as U
[2018-06-02 14:00:04.175] [fileLog] [info] 
At end of round 0
==================
Observed 48576477 total fragments (48576477 in most recent round)

[2018-06-02 14:00:04.175] [jointLog] [info] Computed 334467 rich equivalence classes for further processing
[2018-06-02 14:00:04.175] [jointLog] [info] Counted 44763221 total reads in the equivalence classes 
[2018-06-02 14:00:04.222] [jointLog] [info] Mapping rate = 92.15%

[2018-06-02 14:00:04.222] [jointLog] [info] finished quantifyLibrary()
[2018-06-02 14:00:04.225] [jointLog] [info] Starting optimizer
[2018-06-02 14:00:04.382] [jointLog] [info] Marked 0 weighted equivalence classes as degenerate
[2018-06-02 14:00:04.394] [jointLog] [info] iteration = 0 | max rel diff. = 60.064
[2018-06-02 14:00:05.588] [jointLog] [info] iteration = 100 | max rel diff. = 0.123251
[2018-06-02 14:00:06.786] [jointLog] [info] iteration = 200 | max rel diff. = 0.0739292
[2018-06-02 14:00:07.989] [jointLog] [info] iteration = 300 | max rel diff. = 0.0616944
[2018-06-02 14:00:09.189] [jointLog] [info] iteration = 400 | max rel diff. = 0.0337291
[2018-06-02 14:00:10.415] [jointLog] [info] iteration = 500 | max rel diff. = 0.0264905
[2018-06-02 14:00:11.634] [jointLog] [info] iteration = 600 | max rel diff. = 0.0196484
[2018-06-02 14:00:12.852] [jointLog] [info] iteration = 700 | max rel diff. = 0.0211298
[2018-06-02 14:00:14.060] [jointLog] [info] iteration = 800 | max rel diff. = 0.0177539
[2018-06-02 14:00:15.278] [jointLog] [info] iteration = 900 | max rel diff. = 0.0137366
[2018-06-02 14:00:16.485] [jointLog] [info] iteration = 1000 | max rel diff. = 0.0114976
[2018-06-02 14:00:17.688] [jointLog] [info] iteration = 1100 | max rel diff. = 0.0109129
[2018-06-02 14:00:18.904] [jointLog] [info] iteration = 1200 | max rel diff. = 0.0101026
[2018-06-02 14:00:20.122] [jointLog] [info] iteration = 1300 | max rel diff. = 0.0196968
[2018-06-02 14:00:21.346] [jointLog] [info] iteration = 1400 | max rel diff. = 0.0184553
[2018-06-02 14:00:22.557] [jointLog] [info] iteration = 1500 | max rel diff. = 0.0123049
[2018-06-02 14:00:22.848] [jointLog] [info] iteration = 1525 | max rel diff. = 0.00996491
[2018-06-02 14:00:22.868] [jointLog] [info] Finished optimizer
[2018-06-02 14:00:22.868] [jointLog] [info] writing output 

[2018-06-02 14:00:23.227] [jointLog] [warning] NOTE: Read Lib [/home/jtobias/jp201805/fastq/CL100021371_L01_26.fq.gz] :

Detected a *potential* strand bias > 1% in an unstranded protocol check the file: /home/jtobias/jp201805/salmon/KD_D6_4/lib_format_counts.json for details

