[2018-11-14 15:59:02.679] [jointLog] [info] Fragment incompatibility prior below threshold.  Incompatible fragments will be ignored.
[2018-11-14 15:59:02.679] [jointLog] [info] parsing read library format
[2018-11-14 15:59:02.679] [jointLog] [info] There is 1 library.
[2018-11-14 15:59:02.758] [jointLog] [info] Loading Quasi index
[2018-11-14 15:59:02.758] [jointLog] [info] Loading 32-bit quasi index
[2018-11-14 15:59:11.224] [jointLog] [info] done
[2018-11-14 15:59:11.224] [jointLog] [info] Index contained 205,870 targets
[2018-11-14 15:59:11.625] [jointLog] [info] Automatically detected most likely library type as U
[2018-11-14 16:00:17.194] [jointLog] [info] Computed 355,308 rich equivalence classes for further processing
[2018-11-14 16:00:17.194] [jointLog] [info] Counted 49,538,036 total reads in the equivalence classes 
[2018-11-14 16:00:17.203] [jointLog] [info] Mapping rate = 91.6903%

[2018-11-14 16:00:17.203] [jointLog] [info] finished quantifyLibrary()
[2018-11-14 16:00:17.203] [jointLog] [info] Starting optimizer
[2018-11-14 16:00:17.334] [jointLog] [info] Marked 0 weighted equivalence classes as degenerate
[2018-11-14 16:00:17.351] [jointLog] [info] iteration = 0 | max rel diff. = 5644.19
[2018-11-14 16:00:17.194] [fileLog] [info] 
At end of round 0
==================
Observed 54027579 total fragments (54027579 in most recent round)

[2018-11-14 16:00:19.020] [jointLog] [info] iteration = 100 | max rel diff. = 19.5652
[2018-11-14 16:00:20.688] [jointLog] [info] iteration = 200 | max rel diff. = 14.1779
[2018-11-14 16:00:22.371] [jointLog] [info] iteration = 300 | max rel diff. = 6.50178
[2018-11-14 16:00:24.065] [jointLog] [info] iteration = 400 | max rel diff. = 5.93119
[2018-11-14 16:00:25.747] [jointLog] [info] iteration = 500 | max rel diff. = 2.95055
[2018-11-14 16:00:27.458] [jointLog] [info] iteration = 600 | max rel diff. = 2.93788
[2018-11-14 16:00:29.123] [jointLog] [info] iteration = 700 | max rel diff. = 18.548
[2018-11-14 16:00:30.789] [jointLog] [info] iteration = 800 | max rel diff. = 0.492483
[2018-11-14 16:00:32.471] [jointLog] [info] iteration = 900 | max rel diff. = 0.846639
[2018-11-14 16:00:34.148] [jointLog] [info] iteration = 1,000 | max rel diff. = 0.252578
[2018-11-14 16:00:35.815] [jointLog] [info] iteration = 1,100 | max rel diff. = 0.497428
[2018-11-14 16:00:37.517] [jointLog] [info] iteration = 1,200 | max rel diff. = 0.660729
[2018-11-14 16:00:39.192] [jointLog] [info] iteration = 1,300 | max rel diff. = 0.0809417
[2018-11-14 16:00:40.861] [jointLog] [info] iteration = 1,400 | max rel diff. = 0.071361
[2018-11-14 16:00:42.525] [jointLog] [info] iteration = 1,500 | max rel diff. = 0.866705
[2018-11-14 16:00:44.200] [jointLog] [info] iteration = 1,600 | max rel diff. = 1.21251
[2018-11-14 16:00:45.855] [jointLog] [info] iteration = 1,700 | max rel diff. = 0.457878
[2018-11-14 16:00:47.523] [jointLog] [info] iteration = 1,800 | max rel diff. = 0.202046
[2018-11-14 16:00:49.197] [jointLog] [info] iteration = 1,900 | max rel diff. = 0.0493581
[2018-11-14 16:00:50.883] [jointLog] [info] iteration = 2,000 | max rel diff. = 0.0286626
[2018-11-14 16:00:52.557] [jointLog] [info] iteration = 2,100 | max rel diff. = 0.03616
[2018-11-14 16:00:53.067] [jointLog] [info] iteration = 2,131 | max rel diff. = 0.00538389
[2018-11-14 16:00:53.083] [jointLog] [info] Finished optimizer
[2018-11-14 16:00:53.083] [jointLog] [info] writing output 

[2018-11-14 16:00:53.458] [jointLog] [warning] NOTE: Read Lib [[ sequencingData/CL100021371_L01_32.fq.gz ]] :

Detected a *potential* strand bias > 1% in an unstranded protocol check the file: salmonOutput/KD_D6_5/lib_format_counts.json for details

