[2018-11-14 16:14:28.076] [jointLog] [info] Fragment incompatibility prior below threshold.  Incompatible fragments will be ignored.
[2018-11-14 16:14:28.076] [jointLog] [info] parsing read library format
[2018-11-14 16:14:28.076] [jointLog] [info] There is 1 library.
[2018-11-14 16:14:28.153] [jointLog] [info] Loading Quasi index
[2018-11-14 16:14:28.153] [jointLog] [info] Loading 32-bit quasi index
[2018-11-14 16:14:36.692] [jointLog] [info] done
[2018-11-14 16:14:36.692] [jointLog] [info] Index contained 205,870 targets
[2018-11-14 16:14:37.097] [jointLog] [info] Automatically detected most likely library type as U
[2018-11-14 16:15:25.500] [jointLog] [info] Computed 347,533 rich equivalence classes for further processing
[2018-11-14 16:15:25.500] [jointLog] [info] Counted 34,903,481 total reads in the equivalence classes 
[2018-11-14 16:15:25.509] [jointLog] [info] Mapping rate = 90.5175%

[2018-11-14 16:15:25.509] [jointLog] [info] finished quantifyLibrary()
[2018-11-14 16:15:25.509] [jointLog] [info] Starting optimizer
[2018-11-14 16:15:25.501] [fileLog] [info] 
At end of round 0
==================
Observed 38559946 total fragments (38559946 in most recent round)

[2018-11-14 16:15:33.620] [jointLog] [info] Marked 0 weighted equivalence classes as degenerate
[2018-11-14 16:15:33.636] [jointLog] [info] iteration = 0 | max rel diff. = 5959.31
[2018-11-14 16:15:35.259] [jointLog] [info] iteration = 100 | max rel diff. = 13.685
[2018-11-14 16:15:36.895] [jointLog] [info] iteration = 200 | max rel diff. = 8.68134
[2018-11-14 16:15:38.513] [jointLog] [info] iteration = 300 | max rel diff. = 6.28732
[2018-11-14 16:15:40.145] [jointLog] [info] iteration = 400 | max rel diff. = 5.29705
[2018-11-14 16:15:41.752] [jointLog] [info] iteration = 500 | max rel diff. = 6.00529
[2018-11-14 16:15:43.356] [jointLog] [info] iteration = 600 | max rel diff. = 0.954073
[2018-11-14 16:15:44.991] [jointLog] [info] iteration = 700 | max rel diff. = 14.2812
[2018-11-14 16:15:46.600] [jointLog] [info] iteration = 800 | max rel diff. = 0.0807693
[2018-11-14 16:15:48.217] [jointLog] [info] iteration = 900 | max rel diff. = 2.4227
[2018-11-14 16:15:49.855] [jointLog] [info] iteration = 1,000 | max rel diff. = 0.190725
[2018-11-14 16:15:51.459] [jointLog] [info] iteration = 1,100 | max rel diff. = 0.103262
[2018-11-14 16:15:53.066] [jointLog] [info] iteration = 1,200 | max rel diff. = 0.525145
[2018-11-14 16:15:54.677] [jointLog] [info] iteration = 1,300 | max rel diff. = 2.46131
[2018-11-14 16:15:56.308] [jointLog] [info] iteration = 1,400 | max rel diff. = 0.107862
[2018-11-14 16:15:57.915] [jointLog] [info] iteration = 1,500 | max rel diff. = 0.0546077
[2018-11-14 16:15:59.524] [jointLog] [info] iteration = 1,600 | max rel diff. = 0.0334829
[2018-11-14 16:16:01.145] [jointLog] [info] iteration = 1,700 | max rel diff. = 0.0864046
[2018-11-14 16:16:02.767] [jointLog] [info] iteration = 1,800 | max rel diff. = 0.0419075
[2018-11-14 16:16:04.365] [jointLog] [info] iteration = 1,900 | max rel diff. = 0.0728587
[2018-11-14 16:16:05.984] [jointLog] [info] iteration = 2,000 | max rel diff. = 0.0218071
[2018-11-14 16:16:07.596] [jointLog] [info] iteration = 2,100 | max rel diff. = 0.986826
[2018-11-14 16:16:09.200] [jointLog] [info] iteration = 2,200 | max rel diff. = 0.030089
[2018-11-14 16:16:10.805] [jointLog] [info] iteration = 2,300 | max rel diff. = 0.108626
[2018-11-14 16:16:10.982] [jointLog] [info] iteration = 2,312 | max rel diff. = 0.00785927
[2018-11-14 16:16:10.998] [jointLog] [info] Finished optimizer
[2018-11-14 16:16:10.998] [jointLog] [info] writing output 

