[2018-06-02 13:58:07.528] [jointLog] [info] parsing read library format
[2018-06-02 13:58:07.529] [jointLog] [info] There is 1 library.
[2018-06-02 13:58:07.619] [jointLog] [info] Loading Quasi index
[2018-06-02 13:58:07.621] [jointLog] [info] Loading 32-bit quasi index
[2018-06-02 13:58:32.670] [jointLog] [info] done
[2018-06-02 13:58:32.670] [jointLog] [info] Index contained 203027 targets
[2018-06-02 13:58:33.003] [jointLog] [info] Automatically detected most likely library type as U
[2018-06-02 14:00:23.154] [jointLog] [info] Computed 356491 rich equivalence classes for further processing
[2018-06-02 14:00:23.154] [jointLog] [info] Counted 51610944 total reads in the equivalence classes 
[2018-06-02 14:00:23.204] [jointLog] [info] Mapping rate = 90.6041%

[2018-06-02 14:00:23.204] [jointLog] [info] finished quantifyLibrary()
[2018-06-02 14:00:23.253] [jointLog] [info] Starting optimizer
[2018-06-02 14:00:23.154] [fileLog] [info] 
At end of round 0
==================
Observed 56963130 total fragments (56963130 in most recent round)

[2018-06-02 14:00:23.423] [jointLog] [info] Marked 0 weighted equivalence classes as degenerate
[2018-06-02 14:00:23.437] [jointLog] [info] iteration = 0 | max rel diff. = 48.5901
[2018-06-02 14:00:24.793] [jointLog] [info] iteration = 100 | max rel diff. = 0.159695
[2018-06-02 14:00:26.153] [jointLog] [info] iteration = 200 | max rel diff. = 0.0913821
[2018-06-02 14:00:27.513] [jointLog] [info] iteration = 300 | max rel diff. = 0.0491458
[2018-06-02 14:00:28.877] [jointLog] [info] iteration = 400 | max rel diff. = 0.0317692
[2018-06-02 14:00:30.250] [jointLog] [info] iteration = 500 | max rel diff. = 0.0301252
[2018-06-02 14:00:31.615] [jointLog] [info] iteration = 600 | max rel diff. = 0.0199272
[2018-06-02 14:00:32.979] [jointLog] [info] iteration = 700 | max rel diff. = 0.017211
[2018-06-02 14:00:34.343] [jointLog] [info] iteration = 800 | max rel diff. = 0.0158855
[2018-06-02 14:00:35.710] [jointLog] [info] iteration = 900 | max rel diff. = 0.0135409
[2018-06-02 14:00:37.079] [jointLog] [info] iteration = 1000 | max rel diff. = 0.0119458
[2018-06-02 14:00:38.449] [jointLog] [info] iteration = 1100 | max rel diff. = 0.0112113
[2018-06-02 14:00:39.426] [jointLog] [info] iteration = 1172 | max rel diff. = 0.00984961
[2018-06-02 14:00:39.447] [jointLog] [info] Finished optimizer
[2018-06-02 14:00:39.447] [jointLog] [info] writing output 

[2018-06-02 14:00:39.809] [jointLog] [warning] NOTE: Read Lib [/home/jtobias/jp201805/fastq/CL100021371_L01_35.fq.gz] :

Detected a *potential* strand bias > 1% in an unstranded protocol check the file: /home/jtobias/jp201805/salmon/KD_D9_5/lib_format_counts.json for details

