[2018-06-02 13:58:08.389] [jointLog] [info] parsing read library format
[2018-06-02 13:58:08.389] [jointLog] [info] There is 1 library.
[2018-06-02 13:58:08.437] [jointLog] [info] Loading Quasi index
[2018-06-02 13:58:08.438] [jointLog] [info] Loading 32-bit quasi index
[2018-06-02 13:58:32.655] [jointLog] [info] done
[2018-06-02 13:58:32.655] [jointLog] [info] Index contained 203027 targets
[2018-06-02 13:58:32.989] [jointLog] [info] Automatically detected most likely library type as U
[2018-06-02 13:59:26.242] [fileLog] [info] 
At end of round 0
==================
Observed 28140319 total fragments (28140319 in most recent round)

[2018-06-02 13:59:26.242] [jointLog] [info] Computed 312189 rich equivalence classes for further processing
[2018-06-02 13:59:26.242] [jointLog] [info] Counted 25593527 total reads in the equivalence classes 
[2018-06-02 13:59:26.279] [jointLog] [info] Mapping rate = 90.9497%

[2018-06-02 13:59:26.279] [jointLog] [info] finished quantifyLibrary()
[2018-06-02 13:59:26.281] [jointLog] [info] Starting optimizer
[2018-06-02 13:59:26.455] [jointLog] [info] Marked 0 weighted equivalence classes as degenerate
[2018-06-02 13:59:26.467] [jointLog] [info] iteration = 0 | max rel diff. = 53.3912
[2018-06-02 13:59:27.595] [jointLog] [info] iteration = 100 | max rel diff. = 0.155883
[2018-06-02 13:59:28.735] [jointLog] [info] iteration = 200 | max rel diff. = 0.0997177
[2018-06-02 13:59:29.883] [jointLog] [info] iteration = 300 | max rel diff. = 0.0805394
[2018-06-02 13:59:31.019] [jointLog] [info] iteration = 400 | max rel diff. = 0.0302419
[2018-06-02 13:59:32.163] [jointLog] [info] iteration = 500 | max rel diff. = 0.0396988
[2018-06-02 13:59:33.301] [jointLog] [info] iteration = 600 | max rel diff. = 0.0413253
[2018-06-02 13:59:34.457] [jointLog] [info] iteration = 700 | max rel diff. = 0.0219571
[2018-06-02 13:59:35.596] [jointLog] [info] iteration = 800 | max rel diff. = 0.0142194
[2018-06-02 13:59:36.740] [jointLog] [info] iteration = 900 | max rel diff. = 0.0299238
[2018-06-02 13:59:37.882] [jointLog] [info] iteration = 1000 | max rel diff. = 0.0199858
[2018-06-02 13:59:39.026] [jointLog] [info] iteration = 1100 | max rel diff. = 0.0108051
[2018-06-02 13:59:40.171] [jointLog] [info] iteration = 1200 | max rel diff. = 0.0103101
[2018-06-02 13:59:40.402] [jointLog] [info] iteration = 1221 | max rel diff. = 0.00986103
[2018-06-02 13:59:40.423] [jointLog] [info] Finished optimizer
[2018-06-02 13:59:40.423] [jointLog] [info] writing output 

[2018-06-02 13:59:40.779] [jointLog] [warning] NOTE: Read Lib [/home/jtobias/jp201805/fastq/CL100021371_L01_37.fq.gz] :

Detected a *potential* strand bias > 1% in an unstranded protocol check the file: /home/jtobias/jp201805/salmon/WT_D6_6/lib_format_counts.json for details

