[2018-06-02 13:58:07.153] [jointLog] [info] parsing read library format
[2018-06-02 13:58:07.154] [jointLog] [info] There is 1 library.
[2018-06-02 13:58:07.202] [jointLog] [info] Loading Quasi index
[2018-06-02 13:58:07.203] [jointLog] [info] Loading 32-bit quasi index
[2018-06-02 13:58:32.694] [jointLog] [info] done
[2018-06-02 13:58:32.694] [jointLog] [info] Index contained 203027 targets
[2018-06-02 13:58:33.030] [jointLog] [info] Automatically detected most likely library type as U
[2018-06-02 14:00:10.106] [fileLog] [info] 
At end of round 0
==================
Observed 52841634 total fragments (52841634 in most recent round)

[2018-06-02 14:00:10.106] [jointLog] [info] Computed 358750 rich equivalence classes for further processing
[2018-06-02 14:00:10.106] [jointLog] [info] Counted 47977469 total reads in the equivalence classes 
[2018-06-02 14:00:10.159] [jointLog] [info] Mapping rate = 90.7948%

[2018-06-02 14:00:10.159] [jointLog] [info] finished quantifyLibrary()
[2018-06-02 14:00:10.164] [jointLog] [info] Starting optimizer
[2018-06-02 14:00:10.328] [jointLog] [info] Marked 0 weighted equivalence classes as degenerate
[2018-06-02 14:00:10.341] [jointLog] [info] iteration = 0 | max rel diff. = 57.6329
[2018-06-02 14:00:11.630] [jointLog] [info] iteration = 100 | max rel diff. = 0.124141
[2018-06-02 14:00:12.923] [jointLog] [info] iteration = 200 | max rel diff. = 0.0656256
[2018-06-02 14:00:14.213] [jointLog] [info] iteration = 300 | max rel diff. = 0.179282
[2018-06-02 14:00:15.498] [jointLog] [info] iteration = 400 | max rel diff. = 0.031133
[2018-06-02 14:00:16.792] [jointLog] [info] iteration = 500 | max rel diff. = 0.0253311
[2018-06-02 14:00:18.085] [jointLog] [info] iteration = 600 | max rel diff. = 0.0185827
[2018-06-02 14:00:19.375] [jointLog] [info] iteration = 700 | max rel diff. = 0.0174848
[2018-06-02 14:00:20.667] [jointLog] [info] iteration = 800 | max rel diff. = 0.0173507
[2018-06-02 14:00:21.950] [jointLog] [info] iteration = 900 | max rel diff. = 0.0182631
[2018-06-02 14:00:23.235] [jointLog] [info] iteration = 1000 | max rel diff. = 0.0123818
[2018-06-02 14:00:24.522] [jointLog] [info] iteration = 1100 | max rel diff. = 0.0131603
[2018-06-02 14:00:25.815] [jointLog] [info] iteration = 1200 | max rel diff. = 0.0131008
[2018-06-02 14:00:27.105] [jointLog] [info] iteration = 1300 | max rel diff. = 0.0117647
[2018-06-02 14:00:27.829] [jointLog] [info] iteration = 1357 | max rel diff. = 0.00999734
[2018-06-02 14:00:27.849] [jointLog] [info] Finished optimizer
[2018-06-02 14:00:27.849] [jointLog] [info] writing output 

[2018-06-02 14:00:28.208] [jointLog] [warning] NOTE: Read Lib [/home/jtobias/jp201805/fastq/CL100021371_L01_30.fq.gz] :

Detected a *potential* strand bias > 1% in an unstranded protocol check the file: /home/jtobias/jp201805/salmon/WT_D6_5/lib_format_counts.json for details

