[2018-11-14 15:57:09.441] [jointLog] [info] Fragment incompatibility prior below threshold.  Incompatible fragments will be ignored.
[2018-11-14 15:57:09.441] [jointLog] [info] parsing read library format
[2018-11-14 15:57:09.441] [jointLog] [info] There is 1 library.
[2018-11-14 15:57:09.521] [jointLog] [info] Loading Quasi index
[2018-11-14 15:57:09.521] [jointLog] [info] Loading 32-bit quasi index
[2018-11-14 15:57:18.017] [jointLog] [info] done
[2018-11-14 15:57:18.017] [jointLog] [info] Index contained 205,870 targets
[2018-11-14 15:57:18.412] [jointLog] [info] Automatically detected most likely library type as U
[2018-11-14 15:58:21.453] [jointLog] [info] Computed 363,096 rich equivalence classes for further processing
[2018-11-14 15:58:21.453] [jointLog] [info] Counted 47,996,746 total reads in the equivalence classes 
[2018-11-14 15:58:21.463] [jointLog] [info] Mapping rate = 90.8313%

[2018-11-14 15:58:21.463] [jointLog] [info] finished quantifyLibrary()
[2018-11-14 15:58:21.463] [jointLog] [info] Starting optimizer
[2018-11-14 15:58:21.453] [fileLog] [info] 
At end of round 0
==================
Observed 52841634 total fragments (52841634 in most recent round)

[2018-11-14 15:58:21.650] [jointLog] [info] Marked 0 weighted equivalence classes as degenerate
[2018-11-14 15:58:21.667] [jointLog] [info] iteration = 0 | max rel diff. = 5840.39
[2018-11-14 15:58:23.379] [jointLog] [info] iteration = 100 | max rel diff. = 14.8032
[2018-11-14 15:58:25.101] [jointLog] [info] iteration = 200 | max rel diff. = 16.3265
[2018-11-14 15:58:26.799] [jointLog] [info] iteration = 300 | max rel diff. = 14.35
[2018-11-14 15:58:28.527] [jointLog] [info] iteration = 400 | max rel diff. = 2.24991
[2018-11-14 15:58:30.235] [jointLog] [info] iteration = 500 | max rel diff. = 4.56064
[2018-11-14 15:58:31.958] [jointLog] [info] iteration = 600 | max rel diff. = 0.317705
[2018-11-14 15:58:33.658] [jointLog] [info] iteration = 700 | max rel diff. = 6.78011
[2018-11-14 15:58:35.364] [jointLog] [info] iteration = 800 | max rel diff. = 11.4782
[2018-11-14 15:58:37.093] [jointLog] [info] iteration = 900 | max rel diff. = 0.883147
[2018-11-14 15:58:38.791] [jointLog] [info] iteration = 1,000 | max rel diff. = 1.9837
[2018-11-14 15:58:40.475] [jointLog] [info] iteration = 1,100 | max rel diff. = 0.46085
[2018-11-14 15:58:42.183] [jointLog] [info] iteration = 1,200 | max rel diff. = 0.0427066
[2018-11-14 15:58:43.871] [jointLog] [info] iteration = 1,300 | max rel diff. = 0.342609
[2018-11-14 15:58:45.568] [jointLog] [info] iteration = 1,400 | max rel diff. = 0.143477
[2018-11-14 15:58:47.281] [jointLog] [info] iteration = 1,500 | max rel diff. = 1.2302
[2018-11-14 15:58:48.983] [jointLog] [info] iteration = 1,600 | max rel diff. = 0.0774187
[2018-11-14 15:58:50.681] [jointLog] [info] iteration = 1,700 | max rel diff. = 0.0747404
[2018-11-14 15:58:52.389] [jointLog] [info] iteration = 1,800 | max rel diff. = 0.182288
[2018-11-14 15:58:54.108] [jointLog] [info] iteration = 1,900 | max rel diff. = 0.217507
[2018-11-14 15:58:55.822] [jointLog] [info] iteration = 2,000 | max rel diff. = 0.903502
[2018-11-14 15:58:57.518] [jointLog] [info] iteration = 2,100 | max rel diff. = 0.149487
[2018-11-14 15:58:59.220] [jointLog] [info] iteration = 2,200 | max rel diff. = 0.0324898
[2018-11-14 15:59:00.732] [jointLog] [info] iteration = 2,289 | max rel diff. = 0.00766347
[2018-11-14 15:59:00.746] [jointLog] [info] Finished optimizer
[2018-11-14 15:59:00.746] [jointLog] [info] writing output 

