[2018-06-02 13:58:07.419] [jointLog] [info] parsing read library format
[2018-06-02 13:58:07.420] [jointLog] [info] There is 1 library.
[2018-06-02 13:58:07.467] [jointLog] [info] Loading Quasi index
[2018-06-02 13:58:07.468] [jointLog] [info] Loading 32-bit quasi index
[2018-06-02 13:58:32.681] [jointLog] [info] done
[2018-06-02 13:58:32.681] [jointLog] [info] Index contained 203027 targets
[2018-06-02 13:58:32.997] [jointLog] [info] Automatically detected most likely library type as U
[2018-06-02 14:00:12.908] [fileLog] [info] 
At end of round 0
==================
Observed 54234698 total fragments (54234698 in most recent round)

[2018-06-02 14:00:12.908] [jointLog] [info] Computed 366202 rich equivalence classes for further processing
[2018-06-02 14:00:12.908] [jointLog] [info] Counted 47656714 total reads in the equivalence classes 
[2018-06-02 14:00:12.965] [jointLog] [info] Mapping rate = 87.8713%

[2018-06-02 14:00:12.965] [jointLog] [info] finished quantifyLibrary()
[2018-06-02 14:00:12.968] [jointLog] [info] Starting optimizer
[2018-06-02 14:00:13.135] [jointLog] [info] Marked 0 weighted equivalence classes as degenerate
[2018-06-02 14:00:13.149] [jointLog] [info] iteration = 0 | max rel diff. = 43.495
[2018-06-02 14:00:14.510] [jointLog] [info] iteration = 100 | max rel diff. = 0.12483
[2018-06-02 14:00:15.871] [jointLog] [info] iteration = 200 | max rel diff. = 0.105396
[2018-06-02 14:00:17.243] [jointLog] [info] iteration = 300 | max rel diff. = 0.0443285
[2018-06-02 14:00:18.617] [jointLog] [info] iteration = 400 | max rel diff. = 0.0351128
[2018-06-02 14:00:19.992] [jointLog] [info] iteration = 500 | max rel diff. = 0.0250768
[2018-06-02 14:00:21.358] [jointLog] [info] iteration = 600 | max rel diff. = 0.0237562
[2018-06-02 14:00:22.726] [jointLog] [info] iteration = 700 | max rel diff. = 0.0198815
[2018-06-02 14:00:24.094] [jointLog] [info] iteration = 800 | max rel diff. = 0.0149154
[2018-06-02 14:00:25.467] [jointLog] [info] iteration = 900 | max rel diff. = 0.0159595
[2018-06-02 14:00:26.860] [jointLog] [info] iteration = 1000 | max rel diff. = 0.0126289
[2018-06-02 14:00:28.246] [jointLog] [info] iteration = 1100 | max rel diff. = 0.0115429
[2018-06-02 14:00:29.647] [jointLog] [info] iteration = 1200 | max rel diff. = 0.0103371
[2018-06-02 14:00:29.980] [jointLog] [info] iteration = 1225 | max rel diff. = 0.0098413
[2018-06-02 14:00:30.001] [jointLog] [info] Finished optimizer
[2018-06-02 14:00:30.001] [jointLog] [info] writing output 

[2018-06-02 14:00:30.357] [jointLog] [warning] NOTE: Read Lib [/home/jtobias/jp201805/fastq/CL100021371_L01_28.fq.gz] :

Detected a *potential* strand bias > 1% in an unstranded protocol check the file: /home/jtobias/jp201805/salmon/KD_D9_4/lib_format_counts.json for details

