[2018-06-02 13:58:06.925] [jointLog] [info] parsing read library format
[2018-06-02 13:58:06.925] [jointLog] [info] There is 1 library.
[2018-06-02 13:58:06.975] [jointLog] [info] Loading Quasi index
[2018-06-02 13:58:06.976] [jointLog] [info] Loading 32-bit quasi index
[2018-06-02 13:58:32.651] [jointLog] [info] done
[2018-06-02 13:58:32.651] [jointLog] [info] Index contained 203027 targets
[2018-06-02 13:58:32.992] [jointLog] [info] Automatically detected most likely library type as U
[2018-06-02 14:00:59.797] [jointLog] [info] Computed 381355 rich equivalence classes for further processing
[2018-06-02 14:00:59.797] [jointLog] [info] Counted 72281975 total reads in the equivalence classes 
[2018-06-02 14:00:59.854] [jointLog] [info] Mapping rate = 92.3609%

[2018-06-02 14:00:59.854] [jointLog] [info] finished quantifyLibrary()
[2018-06-02 14:00:59.937] [jointLog] [info] Starting optimizer
[2018-06-02 14:00:59.797] [fileLog] [info] 
At end of round 0
==================
Observed 78260402 total fragments (78260402 in most recent round)

[2018-06-02 14:01:00.101] [jointLog] [info] Marked 0 weighted equivalence classes as degenerate
[2018-06-02 14:01:00.114] [jointLog] [info] iteration = 0 | max rel diff. = 12.4943
[2018-06-02 14:01:01.495] [jointLog] [info] iteration = 100 | max rel diff. = 0.135677
[2018-06-02 14:01:02.883] [jointLog] [info] iteration = 200 | max rel diff. = 0.0735694
[2018-06-02 14:01:04.254] [jointLog] [info] iteration = 300 | max rel diff. = 0.0434679
[2018-06-02 14:01:05.623] [jointLog] [info] iteration = 400 | max rel diff. = 0.0319749
[2018-06-02 14:01:06.991] [jointLog] [info] iteration = 500 | max rel diff. = 0.0246315
[2018-06-02 14:01:08.354] [jointLog] [info] iteration = 600 | max rel diff. = 0.0233678
[2018-06-02 14:01:09.732] [jointLog] [info] iteration = 700 | max rel diff. = 0.0234488
[2018-06-02 14:01:11.100] [jointLog] [info] iteration = 800 | max rel diff. = 0.0152577
[2018-06-02 14:01:12.478] [jointLog] [info] iteration = 900 | max rel diff. = 0.013735
[2018-06-02 14:01:13.851] [jointLog] [info] iteration = 1000 | max rel diff. = 0.0121835
[2018-06-02 14:01:15.245] [jointLog] [info] iteration = 1100 | max rel diff. = 0.0103996
[2018-06-02 14:01:16.636] [jointLog] [info] iteration = 1200 | max rel diff. = 0.0102311
[2018-06-02 14:01:17.704] [jointLog] [info] iteration = 1278 | max rel diff. = 0.00973348
[2018-06-02 14:01:17.724] [jointLog] [info] Finished optimizer
[2018-06-02 14:01:17.724] [jointLog] [info] writing output 

[2018-06-02 14:01:18.088] [jointLog] [warning] NOTE: Read Lib [/home/jtobias/jp201805/fastq/CL100021371_L02_42.fq.gz] :

Detected a *potential* strand bias > 1% in an unstranded protocol check the file: /home/jtobias/jp201805/salmon/TrpM_D9_6/lib_format_counts.json for details

