[2018-06-02 13:58:09.555] [jointLog] [info] parsing read library format
[2018-06-02 13:58:09.556] [jointLog] [info] There is 1 library.
[2018-06-02 13:58:09.599] [jointLog] [info] Loading Quasi index
[2018-06-02 13:58:09.600] [jointLog] [info] Loading 32-bit quasi index
[2018-06-02 13:58:32.708] [jointLog] [info] done
[2018-06-02 13:58:32.708] [jointLog] [info] Index contained 203027 targets
[2018-06-02 13:58:33.024] [jointLog] [info] Automatically detected most likely library type as U
[2018-06-02 13:59:43.338] [jointLog] [info] Computed 343491 rich equivalence classes for further processing
[2018-06-02 13:59:43.338] [jointLog] [info] Counted 34886525 total reads in the equivalence classes 
[2018-06-02 13:59:43.391] [jointLog] [info] Mapping rate = 90.4735%

[2018-06-02 13:59:43.391] [jointLog] [info] finished quantifyLibrary()
[2018-06-02 13:59:43.394] [jointLog] [info] Starting optimizer
[2018-06-02 13:59:43.339] [fileLog] [info] 
At end of round 0
==================
Observed 38559946 total fragments (38559946 in most recent round)

[2018-06-02 13:59:43.581] [jointLog] [info] Marked 0 weighted equivalence classes as degenerate
[2018-06-02 13:59:43.594] [jointLog] [info] iteration = 0 | max rel diff. = 60.5644
[2018-06-02 13:59:44.825] [jointLog] [info] iteration = 100 | max rel diff. = 0.356061
[2018-06-02 13:59:46.061] [jointLog] [info] iteration = 200 | max rel diff. = 0.0669373
[2018-06-02 13:59:47.293] [jointLog] [info] iteration = 300 | max rel diff. = 0.0688407
[2018-06-02 13:59:48.530] [jointLog] [info] iteration = 400 | max rel diff. = 0.0380685
[2018-06-02 13:59:49.749] [jointLog] [info] iteration = 500 | max rel diff. = 0.0236775
[2018-06-02 13:59:50.958] [jointLog] [info] iteration = 600 | max rel diff. = 0.0201767
[2018-06-02 13:59:52.173] [jointLog] [info] iteration = 700 | max rel diff. = 0.0169352
[2018-06-02 13:59:53.390] [jointLog] [info] iteration = 800 | max rel diff. = 0.0189815
[2018-06-02 13:59:54.640] [jointLog] [info] iteration = 900 | max rel diff. = 0.0139922
[2018-06-02 13:59:55.866] [jointLog] [info] iteration = 1000 | max rel diff. = 0.017009
[2018-06-02 13:59:57.085] [jointLog] [info] iteration = 1100 | max rel diff. = 0.0165231
[2018-06-02 13:59:58.303] [jointLog] [info] iteration = 1200 | max rel diff. = 0.0200156
[2018-06-02 13:59:59.548] [jointLog] [info] iteration = 1300 | max rel diff. = 0.0113017
[2018-06-02 13:59:59.697] [jointLog] [info] iteration = 1313 | max rel diff. = 0.00999898
[2018-06-02 13:59:59.715] [jointLog] [info] Finished optimizer
[2018-06-02 13:59:59.715] [jointLog] [info] writing output 

[2018-06-02 14:00:00.059] [jointLog] [warning] NOTE: Read Lib [/home/jtobias/jp201805/fastq/CL100021371_L02_40.fq.gz] :

Detected a *potential* strand bias > 1% in an unstranded protocol check the file: /home/jtobias/jp201805/salmon/WT_D9_6/lib_format_counts.json for details

