[2018-06-02 13:58:11.195] [jointLog] [info] parsing read library format
[2018-06-02 13:58:11.195] [jointLog] [info] There is 1 library.
[2018-06-02 13:58:11.239] [jointLog] [info] Loading Quasi index
[2018-06-02 13:58:11.240] [jointLog] [info] Loading 32-bit quasi index
[2018-06-02 13:58:32.674] [jointLog] [info] done
[2018-06-02 13:58:32.674] [jointLog] [info] Index contained 203027 targets
[2018-06-02 13:58:33.004] [jointLog] [info] Automatically detected most likely library type as U
[2018-06-02 14:00:25.407] [jointLog] [info] Computed 361351 rich equivalence classes for further processing
[2018-06-02 14:00:25.407] [jointLog] [info] Counted 53630718 total reads in the equivalence classes 
[2018-06-02 14:00:25.463] [jointLog] [info] Mapping rate = 91.3886%

[2018-06-02 14:00:25.463] [jointLog] [info] finished quantifyLibrary()
[2018-06-02 14:00:25.465] [jointLog] [info] Starting optimizer
[2018-06-02 14:00:25.408] [fileLog] [info] 
At end of round 0
==================
Observed 58684243 total fragments (58684243 in most recent round)

[2018-06-02 14:00:25.626] [jointLog] [info] Marked 0 weighted equivalence classes as degenerate
[2018-06-02 14:00:25.639] [jointLog] [info] iteration = 0 | max rel diff. = 53.1695
[2018-06-02 14:00:26.970] [jointLog] [info] iteration = 100 | max rel diff. = 0.184368
[2018-06-02 14:00:28.302] [jointLog] [info] iteration = 200 | max rel diff. = 0.060325
[2018-06-02 14:00:29.647] [jointLog] [info] iteration = 300 | max rel diff. = 0.0430005
[2018-06-02 14:00:30.989] [jointLog] [info] iteration = 400 | max rel diff. = 0.0297377
[2018-06-02 14:00:32.322] [jointLog] [info] iteration = 500 | max rel diff. = 0.0244799
[2018-06-02 14:00:33.660] [jointLog] [info] iteration = 600 | max rel diff. = 0.0203786
[2018-06-02 14:00:35.003] [jointLog] [info] iteration = 700 | max rel diff. = 0.0170653
[2018-06-02 14:00:36.335] [jointLog] [info] iteration = 800 | max rel diff. = 0.0155756
[2018-06-02 14:00:37.676] [jointLog] [info] iteration = 900 | max rel diff. = 0.0136644
[2018-06-02 14:00:39.023] [jointLog] [info] iteration = 1000 | max rel diff. = 0.0113758
[2018-06-02 14:00:40.366] [jointLog] [info] iteration = 1100 | max rel diff. = 0.010905
[2018-06-02 14:00:41.247] [jointLog] [info] iteration = 1167 | max rel diff. = 0.00973626
[2018-06-02 14:00:41.268] [jointLog] [info] Finished optimizer
[2018-06-02 14:00:41.268] [jointLog] [info] writing output 

[2018-06-02 14:00:41.640] [jointLog] [warning] NOTE: Read Lib [/home/jtobias/jp201805/fastq/CL100021371_L01_27.fq.gz] :

Detected a *potential* strand bias > 1% in an unstranded protocol check the file: /home/jtobias/jp201805/salmon/TrpM_D6_4/lib_format_counts.json for details

