[2018-11-14 16:02:48.653] [jointLog] [info] Fragment incompatibility prior below threshold.  Incompatible fragments will be ignored.
[2018-11-14 16:02:48.653] [jointLog] [info] parsing read library format
[2018-11-14 16:02:48.653] [jointLog] [info] There is 1 library.
[2018-11-14 16:02:48.733] [jointLog] [info] Loading Quasi index
[2018-11-14 16:02:48.733] [jointLog] [info] Loading 32-bit quasi index
[2018-11-14 16:02:57.132] [jointLog] [info] done
[2018-11-14 16:02:57.132] [jointLog] [info] Index contained 205,870 targets
[2018-11-14 16:02:57.508] [jointLog] [info] Automatically detected most likely library type as U
[2018-11-14 16:03:54.806] [fileLog] [info] 
At end of round 0
==================
Observed 48287807 total fragments (48287807 in most recent round)

[2018-11-14 16:03:54.806] [jointLog] [info] Computed 363,445 rich equivalence classes for further processing
[2018-11-14 16:03:54.806] [jointLog] [info] Counted 43,295,950 total reads in the equivalence classes 
[2018-11-14 16:03:54.815] [jointLog] [info] Mapping rate = 89.6623%

[2018-11-14 16:03:54.815] [jointLog] [info] finished quantifyLibrary()
[2018-11-14 16:03:54.815] [jointLog] [info] Starting optimizer
[2018-11-14 16:04:03.405] [jointLog] [info] Marked 0 weighted equivalence classes as degenerate
[2018-11-14 16:04:03.421] [jointLog] [info] iteration = 0 | max rel diff. = 5893.47
[2018-11-14 16:04:05.125] [jointLog] [info] iteration = 100 | max rel diff. = 17.0963
[2018-11-14 16:04:06.827] [jointLog] [info] iteration = 200 | max rel diff. = 7.64319
[2018-11-14 16:04:08.535] [jointLog] [info] iteration = 300 | max rel diff. = 10.6676
[2018-11-14 16:04:10.236] [jointLog] [info] iteration = 400 | max rel diff. = 5.27772
[2018-11-14 16:04:11.938] [jointLog] [info] iteration = 500 | max rel diff. = 8.44062
[2018-11-14 16:04:13.659] [jointLog] [info] iteration = 600 | max rel diff. = 5.92368
[2018-11-14 16:04:15.355] [jointLog] [info] iteration = 700 | max rel diff. = 4.10861
[2018-11-14 16:04:17.085] [jointLog] [info] iteration = 800 | max rel diff. = 1.41394
[2018-11-14 16:04:18.772] [jointLog] [info] iteration = 900 | max rel diff. = 0.0860444
[2018-11-14 16:04:20.473] [jointLog] [info] iteration = 1,000 | max rel diff. = 0.171256
[2018-11-14 16:04:22.207] [jointLog] [info] iteration = 1,100 | max rel diff. = 6.38998
[2018-11-14 16:04:23.908] [jointLog] [info] iteration = 1,200 | max rel diff. = 0.639282
[2018-11-14 16:04:25.624] [jointLog] [info] iteration = 1,300 | max rel diff. = 0.19392
[2018-11-14 16:04:27.340] [jointLog] [info] iteration = 1,400 | max rel diff. = 1.4602
[2018-11-14 16:04:29.030] [jointLog] [info] iteration = 1,500 | max rel diff. = 0.0990763
[2018-11-14 16:04:30.729] [jointLog] [info] iteration = 1,600 | max rel diff. = 0.113657
[2018-11-14 16:04:32.427] [jointLog] [info] iteration = 1,700 | max rel diff. = 0.128809
[2018-11-14 16:04:34.126] [jointLog] [info] iteration = 1,800 | max rel diff. = 0.787931
[2018-11-14 16:04:35.827] [jointLog] [info] iteration = 1,900 | max rel diff. = 0.971204
[2018-11-14 16:04:37.521] [jointLog] [info] iteration = 2,000 | max rel diff. = 0.10281
[2018-11-14 16:04:39.211] [jointLog] [info] iteration = 2,100 | max rel diff. = 0.0424516
[2018-11-14 16:04:40.913] [jointLog] [info] iteration = 2,200 | max rel diff. = 0.0652877
[2018-11-14 16:04:42.613] [jointLog] [info] iteration = 2,300 | max rel diff. = 0.0535011
[2018-11-14 16:04:44.301] [jointLog] [info] iteration = 2,400 | max rel diff. = 0.0417541
[2018-11-14 16:04:45.994] [jointLog] [info] iteration = 2,500 | max rel diff. = 0.165886
[2018-11-14 16:04:47.710] [jointLog] [info] iteration = 2,600 | max rel diff. = 0.0398483
[2018-11-14 16:04:49.402] [jointLog] [info] iteration = 2,700 | max rel diff. = 0.0342781
[2018-11-14 16:04:49.911] [jointLog] [info] iteration = 2,731 | max rel diff. = 0.0062759
[2018-11-14 16:04:49.925] [jointLog] [info] Finished optimizer
[2018-11-14 16:04:49.925] [jointLog] [info] writing output 

