[2018-06-02 13:58:07.408] [jointLog] [info] parsing read library format
[2018-06-02 13:58:07.408] [jointLog] [info] There is 1 library.
[2018-06-02 13:58:07.456] [jointLog] [info] Loading Quasi index
[2018-06-02 13:58:07.457] [jointLog] [info] Loading 32-bit quasi index
[2018-06-02 13:58:32.646] [jointLog] [info] done
[2018-06-02 13:58:32.646] [jointLog] [info] Index contained 203027 targets
[2018-06-02 13:58:32.966] [jointLog] [info] Automatically detected most likely library type as U
[2018-06-02 13:59:50.579] [fileLog] [info] 
At end of round 0
==================
Observed 42098613 total fragments (42098613 in most recent round)

[2018-06-02 13:59:50.578] [jointLog] [info] Computed 337426 rich equivalence classes for further processing
[2018-06-02 13:59:50.578] [jointLog] [info] Counted 37624029 total reads in the equivalence classes 
[2018-06-02 13:59:50.624] [jointLog] [info] Mapping rate = 89.3712%

[2018-06-02 13:59:50.624] [jointLog] [info] finished quantifyLibrary()
[2018-06-02 13:59:50.626] [jointLog] [info] Starting optimizer
[2018-06-02 13:59:56.532] [jointLog] [info] Marked 0 weighted equivalence classes as degenerate
[2018-06-02 13:59:56.545] [jointLog] [info] iteration = 0 | max rel diff. = 60.123
[2018-06-02 13:59:57.793] [jointLog] [info] iteration = 100 | max rel diff. = 0.276363
[2018-06-02 13:59:59.045] [jointLog] [info] iteration = 200 | max rel diff. = 0.130105
[2018-06-02 14:00:00.320] [jointLog] [info] iteration = 300 | max rel diff. = 0.0454367
[2018-06-02 14:00:01.617] [jointLog] [info] iteration = 400 | max rel diff. = 0.0334182
[2018-06-02 14:00:02.890] [jointLog] [info] iteration = 500 | max rel diff. = 0.0253574
[2018-06-02 14:00:04.144] [jointLog] [info] iteration = 600 | max rel diff. = 0.0193875
[2018-06-02 14:00:05.406] [jointLog] [info] iteration = 700 | max rel diff. = 0.0170148
[2018-06-02 14:00:06.665] [jointLog] [info] iteration = 800 | max rel diff. = 0.0154017
[2018-06-02 14:00:07.933] [jointLog] [info] iteration = 900 | max rel diff. = 0.0140169
[2018-06-02 14:00:09.194] [jointLog] [info] iteration = 1000 | max rel diff. = 0.0376753
[2018-06-02 14:00:10.461] [jointLog] [info] iteration = 1100 | max rel diff. = 0.0151475
[2018-06-02 14:00:11.722] [jointLog] [info] iteration = 1200 | max rel diff. = 0.0142997
[2018-06-02 14:00:12.998] [jointLog] [info] iteration = 1300 | max rel diff. = 0.0114286
[2018-06-02 14:00:13.563] [jointLog] [info] iteration = 1345 | max rel diff. = 0.00932526
[2018-06-02 14:00:13.583] [jointLog] [info] Finished optimizer
[2018-06-02 14:00:13.583] [jointLog] [info] writing output 

[2018-06-02 14:00:13.934] [jointLog] [warning] NOTE: Read Lib [/home/jtobias/jp201805/fastq/CL100021371_L01_36.fq.gz] :

Detected a *potential* strand bias > 1% in an unstranded protocol check the file: /home/jtobias/jp201805/salmon/TrpM_D9_5/lib_format_counts.json for details

