[2018-06-02 13:58:11.099] [jointLog] [info] parsing read library format
[2018-06-02 13:58:11.099] [jointLog] [info] There is 1 library.
[2018-06-02 13:58:11.148] [jointLog] [info] Loading Quasi index
[2018-06-02 13:58:11.149] [jointLog] [info] Loading 32-bit quasi index
[2018-06-02 13:58:32.693] [jointLog] [info] done
[2018-06-02 13:58:32.693] [jointLog] [info] Index contained 203027 targets
[2018-06-02 13:58:33.040] [jointLog] [info] Automatically detected most likely library type as U
[2018-06-02 14:00:50.682] [jointLog] [info] Computed 380013 rich equivalence classes for further processing
[2018-06-02 14:00:50.682] [jointLog] [info] Counted 65375299 total reads in the equivalence classes 
[2018-06-02 14:00:50.739] [jointLog] [info] Mapping rate = 91.1272%

[2018-06-02 14:00:50.739] [jointLog] [info] finished quantifyLibrary()
[2018-06-02 14:00:50.743] [jointLog] [info] Starting optimizer
[2018-06-02 14:00:50.682] [fileLog] [info] 
At end of round 0
==================
Observed 71740717 total fragments (71740717 in most recent round)

[2018-06-02 14:00:50.931] [jointLog] [info] Marked 0 weighted equivalence classes as degenerate
[2018-06-02 14:00:50.946] [jointLog] [info] iteration = 0 | max rel diff. = 30.9152
[2018-06-02 14:00:52.394] [jointLog] [info] iteration = 100 | max rel diff. = 0.297228
[2018-06-02 14:00:53.844] [jointLog] [info] iteration = 200 | max rel diff. = 0.208747
[2018-06-02 14:00:55.296] [jointLog] [info] iteration = 300 | max rel diff. = 0.0456383
[2018-06-02 14:00:56.745] [jointLog] [info] iteration = 400 | max rel diff. = 0.0584525
[2018-06-02 14:00:58.196] [jointLog] [info] iteration = 500 | max rel diff. = 0.0256827
[2018-06-02 14:00:59.641] [jointLog] [info] iteration = 600 | max rel diff. = 0.0203441
[2018-06-02 14:01:01.090] [jointLog] [info] iteration = 700 | max rel diff. = 0.0168156
[2018-06-02 14:01:02.553] [jointLog] [info] iteration = 800 | max rel diff. = 0.0145745
[2018-06-02 14:01:04.014] [jointLog] [info] iteration = 900 | max rel diff. = 0.0136407
[2018-06-02 14:01:05.470] [jointLog] [info] iteration = 1000 | max rel diff. = 0.0120187
[2018-06-02 14:01:06.934] [jointLog] [info] iteration = 1100 | max rel diff. = 0.0111543
[2018-06-02 14:01:08.411] [jointLog] [info] iteration = 1200 | max rel diff. = 0.0106413
[2018-06-02 14:01:09.885] [jointLog] [info] iteration = 1300 | max rel diff. = 0.0113308
[2018-06-02 14:01:11.339] [jointLog] [info] iteration = 1400 | max rel diff. = 0.0120047
[2018-06-02 14:01:11.456] [jointLog] [info] iteration = 1409 | max rel diff. = 0.0087395
[2018-06-02 14:01:11.476] [jointLog] [info] Finished optimizer
[2018-06-02 14:01:11.476] [jointLog] [info] writing output 

[2018-06-02 14:01:11.843] [jointLog] [warning] NOTE: Read Lib [/home/jtobias/jp201805/fastq/CL100021371_L01_39.fq.gz] :

Detected a *potential* strand bias > 1% in an unstranded protocol check the file: /home/jtobias/jp201805/salmon/TrpM_D6_6/lib_format_counts.json for details

