[2018-06-02 13:58:07.333] [jointLog] [info] parsing read library format
[2018-06-02 13:58:07.333] [jointLog] [info] There is 1 library.
[2018-06-02 13:58:07.383] [jointLog] [info] Loading Quasi index
[2018-06-02 13:58:07.384] [jointLog] [info] Loading 32-bit quasi index
[2018-06-02 13:58:32.693] [jointLog] [info] done
[2018-06-02 13:58:32.694] [jointLog] [info] Index contained 203027 targets
[2018-06-02 13:58:33.039] [jointLog] [info] Automatically detected most likely library type as U
[2018-06-02 14:00:03.785] [jointLog] [info] Computed 359100 rich equivalence classes for further processing
[2018-06-02 14:00:03.785] [jointLog] [info] Counted 43275060 total reads in the equivalence classes 
[2018-06-02 14:00:03.841] [jointLog] [info] Mapping rate = 89.619%

[2018-06-02 14:00:03.841] [jointLog] [info] finished quantifyLibrary()
[2018-06-02 14:00:03.845] [jointLog] [info] Starting optimizer
[2018-06-02 14:00:03.786] [fileLog] [info] 
At end of round 0
==================
Observed 48287807 total fragments (48287807 in most recent round)

[2018-06-02 14:00:04.019] [jointLog] [info] Marked 0 weighted equivalence classes as degenerate
[2018-06-02 14:00:04.033] [jointLog] [info] iteration = 0 | max rel diff. = 58.5315
[2018-06-02 14:00:05.405] [jointLog] [info] iteration = 100 | max rel diff. = 0.124814
[2018-06-02 14:00:06.784] [jointLog] [info] iteration = 200 | max rel diff. = 0.0884987
[2018-06-02 14:00:08.162] [jointLog] [info] iteration = 300 | max rel diff. = 0.0433511
[2018-06-02 14:00:09.572] [jointLog] [info] iteration = 400 | max rel diff. = 0.0344445
[2018-06-02 14:00:10.969] [jointLog] [info] iteration = 500 | max rel diff. = 0.0246442
[2018-06-02 14:00:12.372] [jointLog] [info] iteration = 600 | max rel diff. = 0.0450874
[2018-06-02 14:00:13.790] [jointLog] [info] iteration = 700 | max rel diff. = 0.0173637
[2018-06-02 14:00:15.175] [jointLog] [info] iteration = 800 | max rel diff. = 0.0377376
[2018-06-02 14:00:16.566] [jointLog] [info] iteration = 900 | max rel diff. = 0.0149252
[2018-06-02 14:00:17.960] [jointLog] [info] iteration = 1000 | max rel diff. = 0.0128603
[2018-06-02 14:00:19.347] [jointLog] [info] iteration = 1100 | max rel diff. = 0.0105554
[2018-06-02 14:00:20.070] [jointLog] [info] iteration = 1153 | max rel diff. = 0.00988696
[2018-06-02 14:00:20.091] [jointLog] [info] Finished optimizer
[2018-06-02 14:00:20.091] [jointLog] [info] writing output 

[2018-06-02 14:00:20.458] [jointLog] [warning] NOTE: Read Lib [/home/jtobias/jp201805/fastq/CL100021371_L01_34.fq.gz] :

Detected a *potential* strand bias > 1% in an unstranded protocol check the file: /home/jtobias/jp201805/salmon/WT_D9_5/lib_format_counts.json for details

