[2018-11-14 15:53:30.465] [jointLog] [info] Fragment incompatibility prior below threshold.  Incompatible fragments will be ignored.
[2018-11-14 15:53:30.465] [jointLog] [info] parsing read library format
[2018-11-14 15:53:30.465] [jointLog] [info] There is 1 library.
[2018-11-14 15:53:30.541] [jointLog] [info] Loading Quasi index
[2018-11-14 15:53:30.541] [jointLog] [info] Loading 32-bit quasi index
[2018-11-14 15:53:38.991] [jointLog] [info] done
[2018-11-14 15:53:38.991] [jointLog] [info] Index contained 205,870 targets
[2018-11-14 15:53:39.393] [jointLog] [info] Automatically detected most likely library type as U
[2018-11-14 15:54:45.343] [jointLog] [info] Computed 370,947 rich equivalence classes for further processing
[2018-11-14 15:54:45.343] [jointLog] [info] Counted 47,687,921 total reads in the equivalence classes 
[2018-11-14 15:54:45.352] [jointLog] [info] Mapping rate = 87.9288%

[2018-11-14 15:54:45.353] [jointLog] [info] finished quantifyLibrary()
[2018-11-14 15:54:45.353] [jointLog] [info] Starting optimizer
[2018-11-14 15:54:45.496] [jointLog] [info] Marked 0 weighted equivalence classes as degenerate
[2018-11-14 15:54:45.515] [jointLog] [info] iteration = 0 | max rel diff. = 4707.75
[2018-11-14 15:54:45.343] [fileLog] [info] 
At end of round 0
==================
Observed 54234698 total fragments (54234698 in most recent round)

[2018-11-14 15:54:47.278] [jointLog] [info] iteration = 100 | max rel diff. = 12.9549
[2018-11-14 15:54:49.064] [jointLog] [info] iteration = 200 | max rel diff. = 9.4368
[2018-11-14 15:54:50.833] [jointLog] [info] iteration = 300 | max rel diff. = 14.2856
[2018-11-14 15:54:52.612] [jointLog] [info] iteration = 400 | max rel diff. = 9.17941
[2018-11-14 15:54:54.408] [jointLog] [info] iteration = 500 | max rel diff. = 2.0215
[2018-11-14 15:54:56.183] [jointLog] [info] iteration = 600 | max rel diff. = 1.11733
[2018-11-14 15:54:57.953] [jointLog] [info] iteration = 700 | max rel diff. = 5.23897
[2018-11-14 15:54:59.725] [jointLog] [info] iteration = 800 | max rel diff. = 0.447663
[2018-11-14 15:55:01.490] [jointLog] [info] iteration = 900 | max rel diff. = 0.835039
[2018-11-14 15:55:03.288] [jointLog] [info] iteration = 1,000 | max rel diff. = 0.410145
[2018-11-14 15:55:05.060] [jointLog] [info] iteration = 1,100 | max rel diff. = 0.0640937
[2018-11-14 15:55:06.826] [jointLog] [info] iteration = 1,200 | max rel diff. = 5.241
[2018-11-14 15:55:08.611] [jointLog] [info] iteration = 1,300 | max rel diff. = 0.0600676
[2018-11-14 15:55:10.380] [jointLog] [info] iteration = 1,400 | max rel diff. = 0.145237
[2018-11-14 15:55:12.147] [jointLog] [info] iteration = 1,500 | max rel diff. = 0.0967437
[2018-11-14 15:55:13.954] [jointLog] [info] iteration = 1,600 | max rel diff. = 0.0273453
[2018-11-14 15:55:15.720] [jointLog] [info] iteration = 1,700 | max rel diff. = 0.0645151
[2018-11-14 15:55:17.490] [jointLog] [info] iteration = 1,800 | max rel diff. = 0.0498993
[2018-11-14 15:55:19.253] [jointLog] [info] iteration = 1,900 | max rel diff. = 0.236056
[2018-11-14 15:55:21.044] [jointLog] [info] iteration = 2,000 | max rel diff. = 0.160497
[2018-11-14 15:55:22.802] [jointLog] [info] iteration = 2,100 | max rel diff. = 0.114725
[2018-11-14 15:55:24.578] [jointLog] [info] iteration = 2,200 | max rel diff. = 0.403046
[2018-11-14 15:55:26.349] [jointLog] [info] iteration = 2,300 | max rel diff. = 0.0271953
[2018-11-14 15:55:27.009] [jointLog] [info] iteration = 2,338 | max rel diff. = 0.00634323
[2018-11-14 15:55:27.024] [jointLog] [info] Finished optimizer
[2018-11-14 15:55:27.024] [jointLog] [info] writing output 

